<?xml version="1.0" encoding="UTF-8"?>
<testng-results ignored="0" total="1" passed="1" failed="0" skipped="0">
  <reporter-output>
  </reporter-output>
  <suite started-at="2025-06-20T15:37:19 IST" name="Default suite" finished-at="2025-06-20T15:37:32 IST" duration-ms="13417">
    <groups>
    </groups>
    <test started-at="2025-06-20T15:37:19 IST" name="Default test" finished-at="2025-06-20T15:37:32 IST" duration-ms="13417">
      <class name="Test_Cases.Test_0001">
        <test-method is-config="true" signature="setUp()[pri:0, instance:Test_Cases.Test_0001@65d09a04]" started-at="2025-06-20T15:37:19 IST" name="setUp" finished-at="2025-06-20T15:37:27 IST" duration-ms="8055" status="PASS">
          <reporter-output>
          </reporter-output>
        </test-method> <!-- setUp -->
        <test-method is-config="true" signature="setup(java.lang.reflect.Method)[pri:0, instance:Test_Cases.Test_0001@65d09a04]" started-at="2025-06-20T15:37:27 IST" name="setup" finished-at="2025-06-20T15:37:27 IST" duration-ms="338" status="PASS">
          <params>
            <param index="0">
              <value>
                <![CDATA[public void Test_Cases.Test_0001.login() throws java.io.IOException]]>
              </value>
            </param>
          </params>
          <reporter-output>
          </reporter-output>
        </test-method> <!-- setup -->
        <test-method signature="login()[pri:0, instance:Test_Cases.Test_0001@65d09a04]" started-at="2025-06-20T15:37:27 IST" name="login" finished-at="2025-06-20T15:37:31 IST" duration-ms="3916" status="PASS">
          <reporter-output>
          </reporter-output>
        </test-method> <!-- login -->
        <test-method is-config="true" signature="tearDownTest(java.lang.reflect.Method)[pri:0, instance:Test_Cases.Test_0001@65d09a04]" started-at="2025-06-20T15:37:31 IST" name="tearDownTest" finished-at="2025-06-20T15:37:31 IST" duration-ms="143" status="PASS">
          <params>
            <param index="0">
              <value>
                <![CDATA[public void Test_Cases.Test_0001.login() throws java.io.IOException]]>
              </value>
            </param>
          </params>
          <reporter-output>
          </reporter-output>
        </test-method> <!-- tearDownTest -->
        <test-method is-config="true" signature="tearDown()[pri:0, instance:Test_Cases.Test_0001@65d09a04]" started-at="2025-06-20T15:37:31 IST" name="tearDown" finished-at="2025-06-20T15:37:32 IST" duration-ms="768" status="PASS">
          <reporter-output>
          </reporter-output>
        </test-method> <!-- tearDown -->
      </class> <!-- Test_Cases.Test_0001 -->
    </test> <!-- Default test -->
  </suite> <!-- Default suite -->
</testng-results>
